<html>
<body>
<pre>
<h1>µVision Build Log</h1>
<h2>Tool Versions:</h2>
IDE-Version: ¦ÌVision V5.43.1.0
Copyright (C) 2025 ARM Ltd and ARM Germany GmbH. All rights reserved.
License Information: 1 snhgn, 1, LIC=----
 
Tool Versions:
Toolchain:       MDK-Lite  Version: 5.43.0.0
Toolchain Path:  C:\Keil_v5\ARM\ARMCC\Bin
C Compiler:      Armcc.exe V5.05 update 1 (build 106)
Assembler:       Armasm.exe V5.05 update 1 (build 106)
Linker/Locator:  ArmLink.exe V5.05 update 1 (build 106)
Library Manager: ArmAr.exe V5.05 update 1 (build 106)
Hex Converter:   FromElf.exe V5.05 update 1 (build 106)
CPU DLL:         SARMCM3.DLL V5.43.0.0
Dialog DLL:      DCM.DLL V1.17.5.0
Target DLL:      STLink\ST-LINKIII-KEIL_SWO.dll V3.3.1.0
Dialog DLL:      TCM.DLL V1.56.6.0
 
<h2>Project:</h2>
c:\Users\snhgn\Desktop\RMtest\teamtest_project\MDK-ARM\teamtest_project.uvprojx
Project File Date:  01/15/2026

<h2>Output:</h2>
*** Using Compiler 'V5.05 update 1 (build 106)', folder: 'C:\Keil_v5\ARM\ARMCC\Bin'
Rebuild target 'teamtest_project'
Note: source file '..\user\chassis_task.c' - object file renamed from 'teamtest_project\chassis_task.o' to 'teamtest_project\chassis_task_3.o'.
Note: source file '..\user\drv_can.c' - object file renamed from 'teamtest_project\drv_can.o' to 'teamtest_project\drv_can_3.o'.
Note: source file '..\user\pid.c' - object file renamed from 'teamtest_project\pid.o' to 'teamtest_project\pid_3.o'.
Note: source file '..\user\remote.c' - object file renamed from 'teamtest_project\remote.o' to 'teamtest_project\remote_3.o'.
assembling startup_stm32f407xx.s...
compiling stm32f4xx_ll_adc.c...
compiling stm32f4xx_hal_adc_ex.c...
compiling adc.c...
compiling stm32f4xx_hal_flash.c...
compiling tim.c...
compiling stm32f4xx_hal_flash_ex.c...
compiling stm32f4xx_hal_rcc_ex.c...
compiling stm32f4xx_it.c...
../Core/Src/stm32f4xx_it.c(271): error:  #20: identifier "TIM_CAN_PeriodElapsedCallback" is undefined
    TIM_CAN_PeriodElapsedCallback();
../Core/Src/stm32f4xx_it.c: 0 warnings, 1 error
compiling stm32f4xx_hal_flash_ramfunc.c...
compiling stm32f4xx_hal_gpio.c...
compiling gpio.c...
compiling dma.c...
compiling stm32f4xx_hal_msp.c...
compiling can.c...
compiling stm32f4xx_hal_rcc.c...
compiling usart.c...
compiling stm32f4xx_hal_dma_ex.c...
compiling main.c...
compiling stm32f4xx_hal_adc.c...
compiling stm32f4xx_hal_dma.c...
compiling stm32f4xx_hal_pwr.c...
compiling stm32f4xx_hal.c...
compiling stm32f4xx_hal_pwr_ex.c...
compiling stm32f4xx_hal_cortex.c...
compiling stm32f4xx_hal_exti.c...
compiling chassis_task.c...
..\user\chassis_task.c(110): error:  #20: identifier "CAN1_Send_0x200" is undefined
       CAN1_Send_0x200();
..\user\chassis_task.c: 0 warnings, 1 error
compiling stm32f4xx_hal_can.c...
compiling remote.c...
compiling system_stm32f4xx.c...
compiling pid.c...
compiling drv_can.c...
../Core/Inc/can.h(35): warning:  #337-D: linkage specification is incompatible with previous "hcan1" (declared at line 66 of "..\user\drv_can.h")
  extern CAN_HandleTypeDef hcan1;
..\user\drv_can.c: 1 warning, 0 errors
compiling stm32f4xx_hal_tim_ex.c...
compiling stm32f4xx_hal_uart.c...
compiling stm32f4xx_hal_tim.c...
"teamtest_project\teamtest_project.axf" - 2 Error(s), 1 Warning(s).

<h2>Software Packages used:</h2>

Package Vendor: ARM
                http://www.keil.com/pack/ARM.CMSIS.5.0.1.pack
                ARM::CMSIS@5.0.1
                CMSIS (Cortex Microcontroller Software Interface Standard)
   * Component: CORE Version: 5.0.1

Package Vendor: Keil
                https://www.keil.com/pack/Keil.STM32F4xx_DFP.2.17.1.pack
                Keil::STM32F4xx_DFP@2.17.1
                STMicroelectronics STM32F4 Series Device Support, Drivers and Examples

<h2>Collection of Component include folders:</h2>
  ./RTE/_teamtest_project
  C:/Keil_v5/ARM/PACK/ARM/CMSIS/5.0.1/CMSIS/Include
  C:/Keil_v5/ARM/PACK/Keil/STM32F4xx_DFP/2.17.1/Drivers/CMSIS/Device/ST/STM32F4xx/Include

<h2>Collection of Component Files used:</h2>

   * Component: ARM::CMSIS:CORE@5.0.1
Target not created.
Build Time Elapsed:  00:00:06
</pre>
</body>
</html>
